<?xml version="1.0" encoding="UTF-8"?>
<!-- Generated by org.testng.reporters.JUnitXMLReporter -->
<testsuite hostname="DESKTOP-M8ARC8E" ignored="0" name="Default test" tests="4" failures="0" timestamp="2020-12-08T17:34:52 IST" time="0.064" errors="0">
  <testcase name="f1" time="0.009" classname="SeleniumAmzon.AssessmentAmzon.TestNgDemo"/>
  <testcase name="f" time="0.001" classname="SeleniumAmzon.AssessmentAmzon.TestNgDemo"/>
  <testcase name="f2" time="0.0" classname="SeleniumAmzon.AssessmentAmzon.TestNgDemo"/>
  <testcase name="f3" time="0.003" classname="SeleniumAmzon.AssessmentAmzon.TestNgDemo"/>
</testsuite> <!-- Default test -->
