<?xml version="1.0" encoding="UTF-8"?>
<testng-results skipped="0" failed="0" ignored="0" total="4" passed="4">
  <reporter-output>
  </reporter-output>
  <suite name="Default suite" duration-ms="64" started-at="2020-12-08T17:34:52 IST" finished-at="2020-12-08T17:34:52 IST">
    <groups>
    </groups>
    <test name="Default test" duration-ms="64" started-at="2020-12-08T17:34:52 IST" finished-at="2020-12-08T17:34:52 IST">
      <class name="SeleniumAmzon.AssessmentAmzon.TestNgDemo">
        <test-method status="PASS" signature="f1()[pri:-3, instance:SeleniumAmzon.AssessmentAmzon.TestNgDemo@51cdd8a]" name="f1" duration-ms="9" started-at="2020-12-08T17:34:52 IST" finished-at="2020-12-08T17:34:52 IST">
          <reporter-output>
          </reporter-output>
        </test-method> <!-- f1 -->
        <test-method status="PASS" signature="f()[pri:-1, instance:SeleniumAmzon.AssessmentAmzon.TestNgDemo@51cdd8a]" name="f" duration-ms="1" started-at="2020-12-08T17:34:52 IST" finished-at="2020-12-08T17:34:52 IST">
          <reporter-output>
          </reporter-output>
        </test-method> <!-- f -->
        <test-method status="PASS" signature="f2()[pri:0, instance:SeleniumAmzon.AssessmentAmzon.TestNgDemo@51cdd8a]" name="f2" duration-ms="0" started-at="2020-12-08T17:34:52 IST" finished-at="2020-12-08T17:34:52 IST">
          <reporter-output>
          </reporter-output>
        </test-method> <!-- f2 -->
        <test-method status="PASS" signature="f3()[pri:2, instance:SeleniumAmzon.AssessmentAmzon.TestNgDemo@51cdd8a]" name="f3" duration-ms="3" started-at="2020-12-08T17:34:52 IST" finished-at="2020-12-08T17:34:52 IST">
          <reporter-output>
          </reporter-output>
        </test-method> <!-- f3 -->
      </class> <!-- SeleniumAmzon.AssessmentAmzon.TestNgDemo -->
    </test> <!-- Default test -->
  </suite> <!-- Default suite -->
</testng-results>
